This is pdfTeX, Version 3.141592653-2.6-1.40.23 (TeX Live 2021) (preloaded format=pdflatex 2022.2.21)  1 MAR 2022 13:09
entering extended mode
 \write18 enabled.
 %&-line parsing enabled.
**\def\tikzexternalrealjob{lecture1}\input{lecture1}
(./lecture1.tex (/usr/local/texlive/2021/texmf-dist/tex/latex/base/article.cls
Document Class: article 2021/10/04 v1.4n Standard LaTeX document class
(/usr/local/texlive/2021/texmf-dist/tex/latex/base/size10.clo
File: size10.clo 2021/10/04 v1.4n Standard LaTeX file (size option)
)
\c@part=\count185
\c@section=\count186
\c@subsection=\count187
\c@subsubsection=\count188
\c@paragraph=\count189
\c@subparagraph=\count190
\c@figure=\count191
\c@table=\count192
\abovecaptionskip=\skip47
\belowcaptionskip=\skip48
\bibindent=\dimen138
) (/usr/local/texlive/2021/texmf-dist/tex/latex/import/import.sty
Package: import 2020/04/01  v 6.2
) (/usr/local/texlive/2021/texmf-dist/tex/latex/graphics/graphicx.sty
Package: graphicx 2021/09/16 v1.2d Enhanced LaTeX Graphics (DPC,SPQR)
(/usr/local/texlive/2021/texmf-dist/tex/latex/graphics/keyval.sty
Package: keyval 2014/10/28 v1.15 key=value parser (DPC)
\KV@toks@=\toks16
) (/usr/local/texlive/2021/texmf-dist/tex/latex/graphics/graphics.sty
Package: graphics 2021/03/04 v1.4d Standard LaTeX Graphics (DPC,SPQR)
(/usr/local/texlive/2021/texmf-dist/tex/latex/graphics/trig.sty
Package: trig 2021/08/11 v1.11 sin cos tan (DPC)
) (/usr/local/texlive/2021/texmf-dist/tex/latex/graphics-cfg/graphics.cfg
File: graphics.cfg 2016/06/04 v1.11 sample graphics configuration
)
Package graphics Info: Driver file: pdftex.def on input line 107.
(/usr/local/texlive/2021/texmf-dist/tex/latex/graphics-def/pdftex.def
File: pdftex.def 2020/10/05 v1.2a Graphics/color driver for pdftex
))
\Gin@req@height=\dimen139
\Gin@req@width=\dimen140
) (/usr/local/texlive/2021/texmf-dist/tex/latex/graphics/color.sty
Package: color 2021/12/07 v1.3c Standard LaTeX Color (DPC)
(/usr/local/texlive/2021/texmf-dist/tex/latex/graphics-cfg/color.cfg
File: color.cfg 2016/01/02 v1.6 sample color configuration
)
Package color Info: Driver file: pdftex.def on input line 149.
) (/usr/local/texlive/2021/texmf-dist/tex/latex/xcolor/xcolor.sty
Package: xcolor 2021/10/31 v2.13 LaTeX color extensions (UK)
(/usr/local/texlive/2021/texmf-dist/tex/latex/graphics-cfg/color.cfg
File: color.cfg 2016/01/02 v1.6 sample color configuration
)
Package xcolor Info: Driver file: pdftex.def on input line 227.
LaTeX Info: Redefining \color on input line 711.
Package xcolor Info: Model `cmy' substituted by `cmy0' on input line 1352.
Package xcolor Info: Model `hsb' substituted by `rgb' on input line 1356.
Package xcolor Info: Model `RGB' extended on input line 1368.
Package xcolor Info: Model `HTML' substituted by `rgb' on input line 1370.
Package xcolor Info: Model `Hsb' substituted by `hsb' on input line 1371.
Package xcolor Info: Model `tHsb' substituted by `hsb' on input line 1372.
Package xcolor Info: Model `HSB' substituted by `hsb' on input line 1373.
Package xcolor Info: Model `Gray' substituted by `gray' on input line 1374.
Package xcolor Info: Model `wave' substituted by `hsb' on input line 1375.
(/usr/local/texlive/2021/texmf-dist/tex/latex/graphics/dvipsnam.def
File: dvipsnam.def 2016/06/17 v3.0m Driver-dependent file (DPC,SPQR)
)) (/usr/local/texlive/2021/texmf-dist/tex/latex/t2/mathtext.sty
Package: mathtext 2018/04/14 v1.0 transparent text-and-math defs
LaTeX Info: Redefining \halign on input line 121.
) (/usr/local/texlive/2021/texmf-dist/tex/latex/base/inputenc.sty
Package: inputenc 2021/02/14 v1.3d Input encoding file
\inpenc@prehook=\toks17
\inpenc@posthook=\toks18
) (/usr/local/texlive/2021/texmf-dist/tex/latex/base/fontenc.sty
Package: fontenc 2021/04/29 v2.0v Standard LaTeX package
(/usr/local/texlive/2021/texmf-dist/tex/latex/cyrillic/t2aenc.def
File: t2aenc.def 2005/09/27 v1.0i Cyrillic encoding definition file
Now handling font encoding T2A ...
... processing UTF-8 mapping file for font encoding T2A
(/usr/local/texlive/2021/texmf-dist/tex/latex/base/t2aenc.dfu
File: t2aenc.dfu 2021/06/21 v1.2n UTF-8 support
   defining Unicode char U+00A4 (decimal 164)
   defining Unicode char U+00A7 (decimal 167)
   defining Unicode char U+00AB (decimal 171)
   defining Unicode char U+00BB (decimal 187)
   defining Unicode char U+0131 (decimal 305)
   defining Unicode char U+0237 (decimal 567)
   defining Unicode char U+0400 (decimal 1024)
   defining Unicode char U+0401 (decimal 1025)
   defining Unicode char U+0402 (decimal 1026)
   defining Unicode char U+0403 (decimal 1027)
   defining Unicode char U+0404 (decimal 1028)
   defining Unicode char U+0405 (decimal 1029)
   defining Unicode char U+0406 (decimal 1030)
   defining Unicode char U+0407 (decimal 1031)
   defining Unicode char U+0408 (decimal 1032)
   defining Unicode char U+0409 (decimal 1033)
   defining Unicode char U+040A (decimal 1034)
   defining Unicode char U+040B (decimal 1035)
   defining Unicode char U+040C (decimal 1036)
   defining Unicode char U+040D (decimal 1037)
   defining Unicode char U+040E (decimal 1038)
   defining Unicode char U+040F (decimal 1039)
   defining Unicode char U+0410 (decimal 1040)
   defining Unicode char U+0411 (decimal 1041)
   defining Unicode char U+0412 (decimal 1042)
   defining Unicode char U+0413 (decimal 1043)
   defining Unicode char U+0414 (decimal 1044)
   defining Unicode char U+0415 (decimal 1045)
   defining Unicode char U+0416 (decimal 1046)
   defining Unicode char U+0417 (decimal 1047)
   defining Unicode char U+0418 (decimal 1048)
   defining Unicode char U+0419 (decimal 1049)
   defining Unicode char U+041A (decimal 1050)
   defining Unicode char U+041B (decimal 1051)
   defining Unicode char U+041C (decimal 1052)
   defining Unicode char U+041D (decimal 1053)
   defining Unicode char U+041E (decimal 1054)
   defining Unicode char U+041F (decimal 1055)
   defining Unicode char U+0420 (decimal 1056)
   defining Unicode char U+0421 (decimal 1057)
   defining Unicode char U+0422 (decimal 1058)
   defining Unicode char U+0423 (decimal 1059)
   defining Unicode char U+0424 (decimal 1060)
   defining Unicode char U+0425 (decimal 1061)
   defining Unicode char U+0426 (decimal 1062)
   defining Unicode char U+0427 (decimal 1063)
   defining Unicode char U+0428 (decimal 1064)
   defining Unicode char U+0429 (decimal 1065)
   defining Unicode char U+042A (decimal 1066)
   defining Unicode char U+042B (decimal 1067)
   defining Unicode char U+042C (decimal 1068)
   defining Unicode char U+042D (decimal 1069)
   defining Unicode char U+042E (decimal 1070)
   defining Unicode char U+042F (decimal 1071)
   defining Unicode char U+0430 (decimal 1072)
   defining Unicode char U+0431 (decimal 1073)
   defining Unicode char U+0432 (decimal 1074)
   defining Unicode char U+0433 (decimal 1075)
   defining Unicode char U+0434 (decimal 1076)
   defining Unicode char U+0435 (decimal 1077)
   defining Unicode char U+0436 (decimal 1078)
   defining Unicode char U+0437 (decimal 1079)
   defining Unicode char U+0438 (decimal 1080)
   defining Unicode char U+0439 (decimal 1081)
   defining Unicode char U+043A (decimal 1082)
   defining Unicode char U+043B (decimal 1083)
   defining Unicode char U+043C (decimal 1084)
   defining Unicode char U+043D (decimal 1085)
   defining Unicode char U+043E (decimal 1086)
   defining Unicode char U+043F (decimal 1087)
   defining Unicode char U+0440 (decimal 1088)
   defining Unicode char U+0441 (decimal 1089)
   defining Unicode char U+0442 (decimal 1090)
   defining Unicode char U+0443 (decimal 1091)
   defining Unicode char U+0444 (decimal 1092)
   defining Unicode char U+0445 (decimal 1093)
   defining Unicode char U+0446 (decimal 1094)
   defining Unicode char U+0447 (decimal 1095)
   defining Unicode char U+0448 (decimal 1096)
   defining Unicode char U+0449 (decimal 1097)
   defining Unicode char U+044A (decimal 1098)
   defining Unicode char U+044B (decimal 1099)
   defining Unicode char U+044C (decimal 1100)
   defining Unicode char U+044D (decimal 1101)
   defining Unicode char U+044E (decimal 1102)
   defining Unicode char U+044F (decimal 1103)
   defining Unicode char U+0450 (decimal 1104)
   defining Unicode char U+0451 (decimal 1105)
   defining Unicode char U+0452 (decimal 1106)
   defining Unicode char U+0453 (decimal 1107)
   defining Unicode char U+0454 (decimal 1108)
   defining Unicode char U+0455 (decimal 1109)
   defining Unicode char U+0456 (decimal 1110)
   defining Unicode char U+0457 (decimal 1111)
   defining Unicode char U+0458 (decimal 1112)
   defining Unicode char U+0459 (decimal 1113)
   defining Unicode char U+045A (decimal 1114)
   defining Unicode char U+045B (decimal 1115)
   defining Unicode char U+045C (decimal 1116)
   defining Unicode char U+045D (decimal 1117)
   defining Unicode char U+045E (decimal 1118)
   defining Unicode char U+045F (decimal 1119)
   defining Unicode char U+0490 (decimal 1168)
   defining Unicode char U+0491 (decimal 1169)
   defining Unicode char U+0492 (decimal 1170)
   defining Unicode char U+0493 (decimal 1171)
   defining Unicode char U+0496 (decimal 1174)
   defining Unicode char U+0497 (decimal 1175)
   defining Unicode char U+0498 (decimal 1176)
   defining Unicode char U+0499 (decimal 1177)
   defining Unicode char U+049A (decimal 1178)
   defining Unicode char U+049B (decimal 1179)
   defining Unicode char U+049C (decimal 1180)
   defining Unicode char U+049D (decimal 1181)
   defining Unicode char U+04A0 (decimal 1184)
   defining Unicode char U+04A1 (decimal 1185)
   defining Unicode char U+04A2 (decimal 1186)
   defining Unicode char U+04A3 (decimal 1187)
   defining Unicode char U+04A4 (decimal 1188)
   defining Unicode char U+04A5 (decimal 1189)
   defining Unicode char U+04AA (decimal 1194)
   defining Unicode char U+04AB (decimal 1195)
   defining Unicode char U+04AE (decimal 1198)
   defining Unicode char U+04AF (decimal 1199)
   defining Unicode char U+04B0 (decimal 1200)
   defining Unicode char U+04B1 (decimal 1201)
   defining Unicode char U+04B2 (decimal 1202)
   defining Unicode char U+04B3 (decimal 1203)
   defining Unicode char U+04B6 (decimal 1206)
   defining Unicode char U+04B7 (decimal 1207)
   defining Unicode char U+04B8 (decimal 1208)
   defining Unicode char U+04B9 (decimal 1209)
   defining Unicode char U+04BA (decimal 1210)
   defining Unicode char U+04BB (decimal 1211)
   defining Unicode char U+04C0 (decimal 1216)
   defining Unicode char U+04C1 (decimal 1217)
   defining Unicode char U+04C2 (decimal 1218)
   defining Unicode char U+04D0 (decimal 1232)
   defining Unicode char U+04D1 (decimal 1233)
   defining Unicode char U+04D2 (decimal 1234)
   defining Unicode char U+04D3 (decimal 1235)
   defining Unicode char U+04D4 (decimal 1236)
   defining Unicode char U+04D5 (decimal 1237)
   defining Unicode char U+04D6 (decimal 1238)
   defining Unicode char U+04D7 (decimal 1239)
   defining Unicode char U+04D8 (decimal 1240)
   defining Unicode char U+04D9 (decimal 1241)
   defining Unicode char U+04DA (decimal 1242)
   defining Unicode char U+04DB (decimal 1243)
   defining Unicode char U+04DC (decimal 1244)
   defining Unicode char U+04DD (decimal 1245)
   defining Unicode char U+04DE (decimal 1246)
   defining Unicode char U+04DF (decimal 1247)
   defining Unicode char U+04E2 (decimal 1250)
   defining Unicode char U+04E3 (decimal 1251)
   defining Unicode char U+04E4 (decimal 1252)
   defining Unicode char U+04E5 (decimal 1253)
   defining Unicode char U+04E6 (decimal 1254)
   defining Unicode char U+04E7 (decimal 1255)
   defining Unicode char U+04E8 (decimal 1256)
   defining Unicode char U+04E9 (decimal 1257)
   defining Unicode char U+04EC (decimal 1260)
   defining Unicode char U+04ED (decimal 1261)
   defining Unicode char U+04EE (decimal 1262)
   defining Unicode char U+04EF (decimal 1263)
   defining Unicode char U+04F0 (decimal 1264)
   defining Unicode char U+04F1 (decimal 1265)
   defining Unicode char U+04F2 (decimal 1266)
   defining Unicode char U+04F3 (decimal 1267)
   defining Unicode char U+04F4 (decimal 1268)
   defining Unicode char U+04F5 (decimal 1269)
   defining Unicode char U+04F8 (decimal 1272)
   defining Unicode char U+04F9 (decimal 1273)
   defining Unicode char U+200C (decimal 8204)
   defining Unicode char U+2013 (decimal 8211)
   defining Unicode char U+2014 (decimal 8212)
   defining Unicode char U+2018 (decimal 8216)
   defining Unicode char U+2019 (decimal 8217)
   defining Unicode char U+201C (decimal 8220)
   defining Unicode char U+201D (decimal 8221)
   defining Unicode char U+201E (decimal 8222)
   defining Unicode char U+2030 (decimal 8240)
   defining Unicode char U+2031 (decimal 8241)
   defining Unicode char U+2116 (decimal 8470)
   defining Unicode char U+2329 (decimal 9001)
   defining Unicode char U+232A (decimal 9002)
   defining Unicode char U+2423 (decimal 9251)
   defining Unicode char U+27E8 (decimal 10216)
   defining Unicode char U+27E9 (decimal 10217)
   defining Unicode char U+FB00 (decimal 64256)
   defining Unicode char U+FB01 (decimal 64257)
   defining Unicode char U+FB02 (decimal 64258)
   defining Unicode char U+FB03 (decimal 64259)
   defining Unicode char U+FB04 (decimal 64260)
   defining Unicode char U+FB05 (decimal 64261)
   defining Unicode char U+FB06 (decimal 64262)
)
\symT2Aletters=\mathgroup4
)
LaTeX Font Info:    Trying to load font information for T2A+cmr on input line 1
12.
(/usr/local/texlive/2021/texmf-dist/tex/latex/cyrillic/t2acmr.fd
File: t2acmr.fd 2001/08/11 v1.0a Computer Modern Cyrillic font definitions
)) (/usr/local/texlive/2021/texmf-dist/tex/generic/babel/babel.sty
Package: babel 2022/02/13 3.71 The Babel package
\babel@savecnt=\count193
\U@D=\dimen141
\l@unhyphenated=\language14
(/usr/local/texlive/2021/texmf-dist/tex/generic/babel/txtbabel.def)
\bbl@readstream=\read2
\bbl@dirlevel=\count194
(/usr/local/texlive/2021/texmf-dist/tex/generic/babel-english/english.ldf
Language: english 2017/06/06 v3.3r English support from the babel system
Package babel Info: Hyphen rules for 'canadian' set to \l@english
(babel)             (\language0). Reported on input line 102.
Package babel Info: Hyphen rules for 'australian' set to \l@ukenglish
(babel)             (\language6). Reported on input line 105.
Package babel Info: Hyphen rules for 'newzealand' set to \l@ukenglish
(babel)             (\language6). Reported on input line 108.
) (/usr/local/texlive/2021/texmf-dist/tex/generic/babel-russian/russianb.ldf
File: russianb.ldf 2021/01/10 1.3m Russian support for the Babel system
Language: russian 2020/09/09 1.3k Russian support for the Babel system
Package babel Info: Making " an active character on input line 124.
Package babel Info: Default for \cyrdash is provided on input line 163.
)) (/usr/local/texlive/2021/texmf-dist/tex/latex/was/upgreek.sty
Package: upgreek 2003/02/12 v2.0 (WaS)
Package upgreek Info: Using Euler Roman for upright Greek on input line 31.
\symugrf@m=\mathgroup5
LaTeX Font Info:    Overwriting symbol font `ugrf@m' in version `bold'
(Font)                  U/eur/m/n --> U/eur/b/n on input line 38.
) (/usr/local/texlive/2021/texmf-dist/tex/latex/wrapfig/wrapfig.sty
\wrapoverhang=\dimen142
\WF@size=\dimen143
\c@WF@wrappedlines=\count195
\WF@box=\box50
\WF@everypar=\toks19
Package: wrapfig 2003/01/31  v 3.6
) (/usr/local/texlive/2021/texmf-dist/tex/latex/amsmath/amsmath.sty
Package: amsmath 2021/10/15 v2.17l AMS math features
\@mathmargin=\skip49
For additional information on amsmath, use the `?' option.
(/usr/local/texlive/2021/texmf-dist/tex/latex/amsmath/amstext.sty
Package: amstext 2021/08/26 v2.01 AMS text
(/usr/local/texlive/2021/texmf-dist/tex/latex/amsmath/amsgen.sty
File: amsgen.sty 1999/11/30 v2.0 generic functions
\@emptytoks=\toks20
\ex@=\dimen144
)) (/usr/local/texlive/2021/texmf-dist/tex/latex/amsmath/amsbsy.sty
Package: amsbsy 1999/11/29 v1.2d Bold Symbols
\pmbraise@=\dimen145
) (/usr/local/texlive/2021/texmf-dist/tex/latex/amsmath/amsopn.sty
Package: amsopn 2021/08/26 v2.02 operator names
)
\inf@bad=\count196
LaTeX Info: Redefining \frac on input line 234.
\uproot@=\count197
\leftroot@=\count198
LaTeX Info: Redefining \overline on input line 399.
\classnum@=\count199
\DOTSCASE@=\count266
LaTeX Info: Redefining \ldots on input line 496.
LaTeX Info: Redefining \dots on input line 499.
LaTeX Info: Redefining \cdots on input line 620.
\Mathstrutbox@=\box51
\strutbox@=\box52
\big@size=\dimen146
LaTeX Font Info:    Redeclaring font encoding OML on input line 743.
\symOMLletters=\mathgroup6
LaTeX Font Info:    Redeclaring font encoding OMS on input line 744.
\symOMSletters=\mathgroup7
\macc@depth=\count267
\c@MaxMatrixCols=\count268
\dotsspace@=\muskip16
\c@parentequation=\count269
\dspbrk@lvl=\count270
\tag@help=\toks21
\row@=\count271
\column@=\count272
\maxfields@=\count273
\andhelp@=\toks22
\eqnshift@=\dimen147
\alignsep@=\dimen148
\tagshift@=\dimen149
\tagwidth@=\dimen150
\totwidth@=\dimen151
\lineht@=\dimen152
\@envbody=\toks23
\multlinegap=\skip50
\multlinetaggap=\skip51
\mathdisplay@stack=\toks24
LaTeX Info: Redefining \[ on input line 2938.
LaTeX Info: Redefining \] on input line 2939.
) (/usr/local/texlive/2021/texmf-dist/tex/latex/pgf/frontendlayer/tikz.sty (/us
r/local/texlive/2021/texmf-dist/tex/latex/pgf/basiclayer/pgf.sty (/usr/local/te
xlive/2021/texmf-dist/tex/latex/pgf/utilities/pgfrcs.sty
(/usr/local/texlive/2021/texmf-dist/tex/generic/pgf/utilities/pgfutil-common.te
x
\pgfutil@everybye=\toks25
\pgfutil@tempdima=\dimen153
\pgfutil@tempdimb=\dimen154

(/usr/local/texlive/2021/texmf-dist/tex/generic/pgf/utilities/pgfutil-common-li
sts.tex))
(/usr/local/texlive/2021/texmf-dist/tex/generic/pgf/utilities/pgfutil-latex.def
\pgfutil@abb=\box53
) (/usr/local/texlive/2021/texmf-dist/tex/generic/pgf/utilities/pgfrcs.code.tex
(/usr/local/texlive/2021/texmf-dist/tex/generic/pgf/pgf.revision.tex)
Package: pgfrcs 2021/05/15 v3.1.9a (3.1.9a)
))
Package: pgf 2021/05/15 v3.1.9a (3.1.9a)
(/usr/local/texlive/2021/texmf-dist/tex/latex/pgf/basiclayer/pgfcore.sty (/usr/
local/texlive/2021/texmf-dist/tex/latex/pgf/systemlayer/pgfsys.sty
(/usr/local/texlive/2021/texmf-dist/tex/generic/pgf/systemlayer/pgfsys.code.tex
Package: pgfsys 2021/05/15 v3.1.9a (3.1.9a)
(/usr/local/texlive/2021/texmf-dist/tex/generic/pgf/utilities/pgfkeys.code.tex
\pgfkeys@pathtoks=\toks26
\pgfkeys@temptoks=\toks27

(/usr/local/texlive/2021/texmf-dist/tex/generic/pgf/utilities/pgfkeysfiltered.c
ode.tex
\pgfkeys@tmptoks=\toks28
))
\pgf@x=\dimen155
\pgf@y=\dimen156
\pgf@xa=\dimen157
\pgf@ya=\dimen158
\pgf@xb=\dimen159
\pgf@yb=\dimen160
\pgf@xc=\dimen161
\pgf@yc=\dimen162
\pgf@xd=\dimen163
\pgf@yd=\dimen164
\w@pgf@writea=\write3
\r@pgf@reada=\read3
\c@pgf@counta=\count274
\c@pgf@countb=\count275
\c@pgf@countc=\count276
\c@pgf@countd=\count277
\t@pgf@toka=\toks29
\t@pgf@tokb=\toks30
\t@pgf@tokc=\toks31
\pgf@sys@id@count=\count278
(/usr/local/texlive/2021/texmf-dist/tex/generic/pgf/systemlayer/pgf.cfg
File: pgf.cfg 2021/05/15 v3.1.9a (3.1.9a)
)
Driver file for pgf: pgfsys-pdftex.def

(/usr/local/texlive/2021/texmf-dist/tex/generic/pgf/systemlayer/pgfsys-pdftex.d
ef
File: pgfsys-pdftex.def 2021/05/15 v3.1.9a (3.1.9a)

(/usr/local/texlive/2021/texmf-dist/tex/generic/pgf/systemlayer/pgfsys-common-p
df.def
File: pgfsys-common-pdf.def 2021/05/15 v3.1.9a (3.1.9a)
)))
(/usr/local/texlive/2021/texmf-dist/tex/generic/pgf/systemlayer/pgfsyssoftpath.
code.tex
File: pgfsyssoftpath.code.tex 2021/05/15 v3.1.9a (3.1.9a)
\pgfsyssoftpath@smallbuffer@items=\count279
\pgfsyssoftpath@bigbuffer@items=\count280
)
(/usr/local/texlive/2021/texmf-dist/tex/generic/pgf/systemlayer/pgfsysprotocol.
code.tex
File: pgfsysprotocol.code.tex 2021/05/15 v3.1.9a (3.1.9a)
))
(/usr/local/texlive/2021/texmf-dist/tex/generic/pgf/basiclayer/pgfcore.code.tex
Package: pgfcore 2021/05/15 v3.1.9a (3.1.9a)
(/usr/local/texlive/2021/texmf-dist/tex/generic/pgf/math/pgfmath.code.tex (/usr
/local/texlive/2021/texmf-dist/tex/generic/pgf/math/pgfmathcalc.code.tex (/usr/
local/texlive/2021/texmf-dist/tex/generic/pgf/math/pgfmathutil.code.tex)
(/usr/local/texlive/2021/texmf-dist/tex/generic/pgf/math/pgfmathparser.code.tex
\pgfmath@dimen=\dimen165
\pgfmath@count=\count281
\pgfmath@box=\box54
\pgfmath@toks=\toks32
\pgfmath@stack@operand=\toks33
\pgfmath@stack@operation=\toks34
)
(/usr/local/texlive/2021/texmf-dist/tex/generic/pgf/math/pgfmathfunctions.code.
tex
(/usr/local/texlive/2021/texmf-dist/tex/generic/pgf/math/pgfmathfunctions.basic
.code.tex)
(/usr/local/texlive/2021/texmf-dist/tex/generic/pgf/math/pgfmathfunctions.trigo
nometric.code.tex)
(/usr/local/texlive/2021/texmf-dist/tex/generic/pgf/math/pgfmathfunctions.rando
m.code.tex)
(/usr/local/texlive/2021/texmf-dist/tex/generic/pgf/math/pgfmathfunctions.compa
rison.code.tex)
(/usr/local/texlive/2021/texmf-dist/tex/generic/pgf/math/pgfmathfunctions.base.
code.tex)
(/usr/local/texlive/2021/texmf-dist/tex/generic/pgf/math/pgfmathfunctions.round
.code.tex)
(/usr/local/texlive/2021/texmf-dist/tex/generic/pgf/math/pgfmathfunctions.misc.
code.tex)
(/usr/local/texlive/2021/texmf-dist/tex/generic/pgf/math/pgfmathfunctions.integ
erarithmetics.code.tex))) (/usr/local/texlive/2021/texmf-dist/tex/generic/pgf/m
ath/pgfmathfloat.code.tex
\c@pgfmathroundto@lastzeros=\count282
)) (/usr/local/texlive/2021/texmf-dist/tex/generic/pgf/math/pgfint.code.tex)
(/usr/local/texlive/2021/texmf-dist/tex/generic/pgf/basiclayer/pgfcorepoints.co
de.tex
File: pgfcorepoints.code.tex 2021/05/15 v3.1.9a (3.1.9a)
\pgf@picminx=\dimen166
\pgf@picmaxx=\dimen167
\pgf@picminy=\dimen168
\pgf@picmaxy=\dimen169
\pgf@pathminx=\dimen170
\pgf@pathmaxx=\dimen171
\pgf@pathminy=\dimen172
\pgf@pathmaxy=\dimen173
\pgf@xx=\dimen174
\pgf@xy=\dimen175
\pgf@yx=\dimen176
\pgf@yy=\dimen177
\pgf@zx=\dimen178
\pgf@zy=\dimen179
)
(/usr/local/texlive/2021/texmf-dist/tex/generic/pgf/basiclayer/pgfcorepathconst
ruct.code.tex
File: pgfcorepathconstruct.code.tex 2021/05/15 v3.1.9a (3.1.9a)
\pgf@path@lastx=\dimen180
\pgf@path@lasty=\dimen181
)
(/usr/local/texlive/2021/texmf-dist/tex/generic/pgf/basiclayer/pgfcorepathusage
.code.tex
File: pgfcorepathusage.code.tex 2021/05/15 v3.1.9a (3.1.9a)
\pgf@shorten@end@additional=\dimen182
\pgf@shorten@start@additional=\dimen183
)
(/usr/local/texlive/2021/texmf-dist/tex/generic/pgf/basiclayer/pgfcorescopes.co
de.tex
File: pgfcorescopes.code.tex 2021/05/15 v3.1.9a (3.1.9a)
\pgfpic=\box55
\pgf@hbox=\box56
\pgf@layerbox@main=\box57
\pgf@picture@serial@count=\count283
)
(/usr/local/texlive/2021/texmf-dist/tex/generic/pgf/basiclayer/pgfcoregraphicst
ate.code.tex
File: pgfcoregraphicstate.code.tex 2021/05/15 v3.1.9a (3.1.9a)
\pgflinewidth=\dimen184
)
(/usr/local/texlive/2021/texmf-dist/tex/generic/pgf/basiclayer/pgfcoretransform
ations.code.tex
File: pgfcoretransformations.code.tex 2021/05/15 v3.1.9a (3.1.9a)
\pgf@pt@x=\dimen185
\pgf@pt@y=\dimen186
\pgf@pt@temp=\dimen187
)
(/usr/local/texlive/2021/texmf-dist/tex/generic/pgf/basiclayer/pgfcorequick.cod
e.tex
File: pgfcorequick.code.tex 2021/05/15 v3.1.9a (3.1.9a)
)
(/usr/local/texlive/2021/texmf-dist/tex/generic/pgf/basiclayer/pgfcoreobjects.c
ode.tex
File: pgfcoreobjects.code.tex 2021/05/15 v3.1.9a (3.1.9a)
)
(/usr/local/texlive/2021/texmf-dist/tex/generic/pgf/basiclayer/pgfcorepathproce
ssing.code.tex
File: pgfcorepathprocessing.code.tex 2021/05/15 v3.1.9a (3.1.9a)
)
(/usr/local/texlive/2021/texmf-dist/tex/generic/pgf/basiclayer/pgfcorearrows.co
de.tex
File: pgfcorearrows.code.tex 2021/05/15 v3.1.9a (3.1.9a)
\pgfarrowsep=\dimen188
)
(/usr/local/texlive/2021/texmf-dist/tex/generic/pgf/basiclayer/pgfcoreshade.cod
e.tex
File: pgfcoreshade.code.tex 2021/05/15 v3.1.9a (3.1.9a)
\pgf@max=\dimen189
\pgf@sys@shading@range@num=\count284
\pgf@shadingcount=\count285
)
(/usr/local/texlive/2021/texmf-dist/tex/generic/pgf/basiclayer/pgfcoreimage.cod
e.tex
File: pgfcoreimage.code.tex 2021/05/15 v3.1.9a (3.1.9a)

(/usr/local/texlive/2021/texmf-dist/tex/generic/pgf/basiclayer/pgfcoreexternal.
code.tex
File: pgfcoreexternal.code.tex 2021/05/15 v3.1.9a (3.1.9a)
\pgfexternal@startupbox=\box58
))
(/usr/local/texlive/2021/texmf-dist/tex/generic/pgf/basiclayer/pgfcorelayers.co
de.tex
File: pgfcorelayers.code.tex 2021/05/15 v3.1.9a (3.1.9a)
)
(/usr/local/texlive/2021/texmf-dist/tex/generic/pgf/basiclayer/pgfcoretranspare
ncy.code.tex
File: pgfcoretransparency.code.tex 2021/05/15 v3.1.9a (3.1.9a)
)
(/usr/local/texlive/2021/texmf-dist/tex/generic/pgf/basiclayer/pgfcorepatterns.
code.tex
File: pgfcorepatterns.code.tex 2021/05/15 v3.1.9a (3.1.9a)
)
(/usr/local/texlive/2021/texmf-dist/tex/generic/pgf/basiclayer/pgfcorerdf.code.
tex
File: pgfcorerdf.code.tex 2021/05/15 v3.1.9a (3.1.9a)
)))
(/usr/local/texlive/2021/texmf-dist/tex/generic/pgf/modules/pgfmoduleshapes.cod
e.tex
File: pgfmoduleshapes.code.tex 2021/05/15 v3.1.9a (3.1.9a)
\pgfnodeparttextbox=\box59
)
(/usr/local/texlive/2021/texmf-dist/tex/generic/pgf/modules/pgfmoduleplot.code.
tex
File: pgfmoduleplot.code.tex 2021/05/15 v3.1.9a (3.1.9a)
)
(/usr/local/texlive/2021/texmf-dist/tex/latex/pgf/compatibility/pgfcomp-version
-0-65.sty
Package: pgfcomp-version-0-65 2021/05/15 v3.1.9a (3.1.9a)
\pgf@nodesepstart=\dimen190
\pgf@nodesepend=\dimen191
)
(/usr/local/texlive/2021/texmf-dist/tex/latex/pgf/compatibility/pgfcomp-version
-1-18.sty
Package: pgfcomp-version-1-18 2021/05/15 v3.1.9a (3.1.9a)
)) (/usr/local/texlive/2021/texmf-dist/tex/latex/pgf/utilities/pgffor.sty (/usr
/local/texlive/2021/texmf-dist/tex/latex/pgf/utilities/pgfkeys.sty (/usr/local/
texlive/2021/texmf-dist/tex/generic/pgf/utilities/pgfkeys.code.tex)) (/usr/loca
l/texlive/2021/texmf-dist/tex/latex/pgf/math/pgfmath.sty (/usr/local/texlive/20
21/texmf-dist/tex/generic/pgf/math/pgfmath.code.tex)) (/usr/local/texlive/2021/
texmf-dist/tex/generic/pgf/utilities/pgffor.code.tex
Package: pgffor 2021/05/15 v3.1.9a (3.1.9a)
(/usr/local/texlive/2021/texmf-dist/tex/generic/pgf/math/pgfmath.code.tex)
\pgffor@iter=\dimen192
\pgffor@skip=\dimen193
\pgffor@stack=\toks35
\pgffor@toks=\toks36
))
(/usr/local/texlive/2021/texmf-dist/tex/generic/pgf/frontendlayer/tikz/tikz.cod
e.tex
Package: tikz 2021/05/15 v3.1.9a (3.1.9a)

(/usr/local/texlive/2021/texmf-dist/tex/generic/pgf/libraries/pgflibraryplothan
dlers.code.tex
File: pgflibraryplothandlers.code.tex 2021/05/15 v3.1.9a (3.1.9a)
\pgf@plot@mark@count=\count286
\pgfplotmarksize=\dimen194
)
\tikz@lastx=\dimen195
\tikz@lasty=\dimen196
\tikz@lastxsaved=\dimen197
\tikz@lastysaved=\dimen198
\tikz@lastmovetox=\dimen199
\tikz@lastmovetoy=\dimen256
\tikzleveldistance=\dimen257
\tikzsiblingdistance=\dimen258
\tikz@figbox=\box60
\tikz@figbox@bg=\box61
\tikz@tempbox=\box62
\tikz@tempbox@bg=\box63
\tikztreelevel=\count287
\tikznumberofchildren=\count288
\tikznumberofcurrentchild=\count289
\tikz@fig@count=\count290

(/usr/local/texlive/2021/texmf-dist/tex/generic/pgf/modules/pgfmodulematrix.cod
e.tex
File: pgfmodulematrix.code.tex 2021/05/15 v3.1.9a (3.1.9a)
\pgfmatrixcurrentrow=\count291
\pgfmatrixcurrentcolumn=\count292
\pgf@matrix@numberofcolumns=\count293
)
\tikz@expandcount=\count294

(/usr/local/texlive/2021/texmf-dist/tex/generic/pgf/frontendlayer/tikz/librarie
s/tikzlibrarytopaths.code.tex
File: tikzlibrarytopaths.code.tex 2021/05/15 v3.1.9a (3.1.9a)
))) (/usr/local/texlive/2021/texmf-dist/tex/latex/geometry/geometry.sty
Package: geometry 2020/01/02 v5.9 Page Geometry
(/usr/local/texlive/2021/texmf-dist/tex/generic/iftex/ifvtex.sty
Package: ifvtex 2019/10/25 v1.7 ifvtex legacy package. Use iftex instead.
(/usr/local/texlive/2021/texmf-dist/tex/generic/iftex/iftex.sty
Package: iftex 2022/02/03 v1.0f TeX engine tests
))
\Gm@cnth=\count295
\Gm@cntv=\count296
\c@Gm@tempcnt=\count297
\Gm@bindingoffset=\dimen259
\Gm@wd@mp=\dimen260
\Gm@odd@mp=\dimen261
\Gm@even@mp=\dimen262
\Gm@layoutwidth=\dimen263
\Gm@layoutheight=\dimen264
\Gm@layouthoffset=\dimen265
\Gm@layoutvoffset=\dimen266
\Gm@dimlist=\toks37
)
(/usr/local/texlive/2021/texmf-dist/tex/generic/pgf/frontendlayer/tikz/librarie
s/tikzlibrarypositioning.code.tex
File: tikzlibrarypositioning.code.tex 2021/05/15 v3.1.9a (3.1.9a)
)
(/usr/local/texlive/2021/texmf-dist/tex/generic/pgf/frontendlayer/tikz/librarie
s/tikzlibraryshapes.geometric.code.tex
File: tikzlibraryshapes.geometric.code.tex 2021/05/15 v3.1.9a (3.1.9a)

(/usr/local/texlive/2021/texmf-dist/tex/generic/pgf/libraries/shapes/pgflibrary
shapes.geometric.code.tex
File: pgflibraryshapes.geometric.code.tex 2021/05/15 v3.1.9a (3.1.9a)
))
(/usr/local/texlive/2021/texmf-dist/tex/generic/pgf/frontendlayer/tikz/librarie
s/tikzlibraryfit.code.tex
File: tikzlibraryfit.code.tex 2021/05/15 v3.1.9a (3.1.9a)
)
(/usr/local/texlive/2021/texmf-dist/tex/generic/pgf/frontendlayer/tikz/librarie
s/tikzlibrarycalc.code.tex
File: tikzlibrarycalc.code.tex 2021/05/15 v3.1.9a (3.1.9a)
)
(/usr/local/texlive/2021/texmf-dist/tex/generic/pgf/frontendlayer/tikz/librarie
s/tikzlibrarypatterns.code.tex
File: tikzlibrarypatterns.code.tex 2021/05/15 v3.1.9a (3.1.9a)

(/usr/local/texlive/2021/texmf-dist/tex/generic/pgf/libraries/pgflibrarypattern
s.code.tex
File: pgflibrarypatterns.code.tex 2021/05/15 v3.1.9a (3.1.9a)
))
(/usr/local/texlive/2021/texmf-dist/tex/generic/pgf/frontendlayer/tikz/librarie
s/tikzlibraryangles.code.tex
File: tikzlibraryangles.code.tex 2021/05/15 v3.1.9a (3.1.9a)
)
(/usr/local/texlive/2021/texmf-dist/tex/generic/pgf/frontendlayer/tikz/librarie
s/tikzlibraryquotes.code.tex
File: tikzlibraryquotes.code.tex 2021/05/15 v3.1.9a (3.1.9a)
)
(/usr/local/texlive/2021/texmf-dist/tex/generic/pgf/frontendlayer/tikz/librarie
s/tikzlibrarybabel.code.tex
File: tikzlibrarybabel.code.tex 2021/05/15 v3.1.9a (3.1.9a)
)
(/usr/local/texlive/2021/texmf-dist/tex/generic/pgf/frontendlayer/tikz/librarie
s/tikzlibrarydecorations.markings.code.tex
(/usr/local/texlive/2021/texmf-dist/tex/generic/pgf/frontendlayer/tikz/librarie
s/tikzlibrarydecorations.code.tex
(/usr/local/texlive/2021/texmf-dist/tex/generic/pgf/modules/pgfmoduledecoration
s.code.tex
\pgfdecoratedcompleteddistance=\dimen267
\pgfdecoratedremainingdistance=\dimen268
\pgfdecoratedinputsegmentcompleteddistance=\dimen269
\pgfdecoratedinputsegmentremainingdistance=\dimen270
\pgf@decorate@distancetomove=\dimen271
\pgf@decorate@repeatstate=\count298
\pgfdecorationsegmentamplitude=\dimen272
\pgfdecorationsegmentlength=\dimen273
)
\tikz@lib@dec@box=\box64
)
(/usr/local/texlive/2021/texmf-dist/tex/generic/pgf/libraries/decorations/pgfli
brarydecorations.markings.code.tex)) (/usr/local/texlive/2021/texmf-dist/tex/la
tex/pgfplots/pgfplots.sty (/usr/local/texlive/2021/texmf-dist/tex/generic/pgfpl
ots/pgfplots.revision.tex)
Package: pgfplots 2021/05/15 v1.18.1 Data Visualization (1.18.1)
(/usr/local/texlive/2021/texmf-dist/tex/generic/pgfplots/pgfplots.code.tex (/us
r/local/texlive/2021/texmf-dist/tex/generic/pgfplots/pgfplotscore.code.tex
\t@pgfplots@toka=\toks38
\t@pgfplots@tokb=\toks39
\t@pgfplots@tokc=\toks40
\pgfplots@tmpa=\dimen274
\c@pgfplots@coordindex=\count299
\c@pgfplots@scanlineindex=\count300

(/usr/local/texlive/2021/texmf-dist/tex/generic/pgfplots/sys/pgfplotssysgeneric
.code.tex))
(/usr/local/texlive/2021/texmf-dist/tex/generic/pgfplots/libs/pgfplotslibrary.c
ode.tex)
(/usr/local/texlive/2021/texmf-dist/tex/generic/pgfplots/oldpgfcompatib/pgfplot
soldpgfsupp_loader.code.tex
(/usr/local/texlive/2021/texmf-dist/tex/generic/pgf/libraries/pgflibraryfpu.cod
e.tex))
(/usr/local/texlive/2021/texmf-dist/tex/generic/pgfplots/util/pgfplotsutil.code
.tex
(/usr/local/texlive/2021/texmf-dist/tex/generic/pgfplots/liststructure/pgfplots
liststructure.code.tex)
(/usr/local/texlive/2021/texmf-dist/tex/generic/pgfplots/liststructure/pgfplots
liststructureext.code.tex)
(/usr/local/texlive/2021/texmf-dist/tex/generic/pgfplots/liststructure/pgfplots
array.code.tex
\c@pgfplotsarray@tmp=\count301
)
(/usr/local/texlive/2021/texmf-dist/tex/generic/pgfplots/liststructure/pgfplots
matrix.code.tex)
(/usr/local/texlive/2021/texmf-dist/tex/generic/pgfplots/numtable/pgfplotstable
shared.code.tex
\c@pgfplotstable@counta=\count302
\t@pgfplotstable@a=\toks41
)
(/usr/local/texlive/2021/texmf-dist/tex/generic/pgfplots/liststructure/pgfplots
deque.code.tex)
(/usr/local/texlive/2021/texmf-dist/tex/generic/pgfplots/util/pgfplotsbinary.co
de.tex
(/usr/local/texlive/2021/texmf-dist/tex/generic/pgfplots/util/pgfplotsbinary.da
ta.code.tex))
(/usr/local/texlive/2021/texmf-dist/tex/generic/pgfplots/util/pgfplotsutil.verb
.code.tex)
(/usr/local/texlive/2021/texmf-dist/tex/generic/pgfplots/libs/pgflibrarypgfplot
s.surfshading.code.tex
\c@pgfplotslibrarysurf@no=\count303

(/usr/local/texlive/2021/texmf-dist/tex/generic/pgfplots/sys/pgflibrarypgfplots
.surfshading.pgfsys-pdftex.def)))
(/usr/local/texlive/2021/texmf-dist/tex/generic/pgfplots/util/pgfplotscolormap.
code.tex
(/usr/local/texlive/2021/texmf-dist/tex/generic/pgfplots/util/pgfplotscolor.cod
e.tex))
(/usr/local/texlive/2021/texmf-dist/tex/generic/pgfplots/pgfplotsstackedplots.c
ode.tex)
(/usr/local/texlive/2021/texmf-dist/tex/generic/pgfplots/pgfplotsplothandlers.c
ode.tex
(/usr/local/texlive/2021/texmf-dist/tex/generic/pgfplots/pgfplotsmeshplothandle
r.code.tex
(/usr/local/texlive/2021/texmf-dist/tex/generic/pgfplots/pgfplotsmeshplotimage.
code.tex)))
(/usr/local/texlive/2021/texmf-dist/tex/generic/pgfplots/pgfplots.scaling.code.
tex)
(/usr/local/texlive/2021/texmf-dist/tex/generic/pgfplots/pgfplotscoordprocessin
g.code.tex)
(/usr/local/texlive/2021/texmf-dist/tex/generic/pgfplots/pgfplots.errorbars.cod
e.tex)
(/usr/local/texlive/2021/texmf-dist/tex/generic/pgfplots/pgfplots.markers.code.
tex)
(/usr/local/texlive/2021/texmf-dist/tex/generic/pgfplots/pgfplotsticks.code.tex
)
(/usr/local/texlive/2021/texmf-dist/tex/generic/pgfplots/pgfplots.paths.code.te
x)
(/usr/local/texlive/2021/texmf-dist/tex/generic/pgf/frontendlayer/tikz/librarie
s/tikzlibrarydecorations.pathmorphing.code.tex
(/usr/local/texlive/2021/texmf-dist/tex/generic/pgf/libraries/decorations/pgfli
brarydecorations.pathmorphing.code.tex))
(/usr/local/texlive/2021/texmf-dist/tex/generic/pgf/frontendlayer/tikz/librarie
s/tikzlibrarydecorations.pathreplacing.code.tex
(/usr/local/texlive/2021/texmf-dist/tex/generic/pgf/libraries/decorations/pgfli
brarydecorations.pathreplacing.code.tex))
(/usr/local/texlive/2021/texmf-dist/tex/generic/pgfplots/libs/tikzlibrarypgfplo
ts.contourlua.code.tex)
\pgfplots@numplots=\count304
\pgfplots@xmin@reg=\dimen275
\pgfplots@xmax@reg=\dimen276
\pgfplots@ymin@reg=\dimen277
\pgfplots@ymax@reg=\dimen278
\pgfplots@zmin@reg=\dimen279
\pgfplots@zmax@reg=\dimen280
)
(/usr/local/texlive/2021/texmf-dist/tex/generic/pgf/frontendlayer/tikz/librarie
s/tikzlibraryplotmarks.code.tex
File: tikzlibraryplotmarks.code.tex 2021/05/15 v3.1.9a (3.1.9a)

(/usr/local/texlive/2021/texmf-dist/tex/generic/pgf/libraries/pgflibraryplotmar
ks.code.tex
File: pgflibraryplotmarks.code.tex 2021/05/15 v3.1.9a (3.1.9a)
)))
(/usr/local/texlive/2021/texmf-dist/tex/generic/pgfplots/libs/tikzlibrarypgfplo
ts.groupplots.code.tex
\pgfplots@group@current@plot=\count305
\pgfplots@group@current@row=\count306
\pgfplots@group@current@column=\count307
)
(/usr/local/texlive/2021/texmf-dist/tex/generic/pgfplots/libs/tikzlibrarypgfplo
ts.external.code.tex
(/usr/local/texlive/2021/texmf-dist/tex/latex/pgf/frontendlayer/libraries/tikzl
ibraryexternal.code.tex (/usr/local/texlive/2021/texmf-dist/tex/generic/pdftexc
mds/pdftexcmds.sty
Package: pdftexcmds 2020-06-27 v0.33 Utility functions of pdfTeX for LuaTeX (HO
)
(/usr/local/texlive/2021/texmf-dist/tex/generic/infwarerr/infwarerr.sty
Package: infwarerr 2019/12/03 v1.5 Providing info/warning/error messages (HO)
) (/usr/local/texlive/2021/texmf-dist/tex/generic/ltxcmds/ltxcmds.sty
Package: ltxcmds 2020-05-10 v1.25 LaTeX kernel commands for general use (HO)
)
Package pdftexcmds Info: \pdf@primitive is available.
Package pdftexcmds Info: \pdf@ifprimitive is available.
Package pdftexcmds Info: \pdfdraftmode found.
) (/usr/local/texlive/2021/texmf-dist/tex/latex/base/atveryend-ltx.sty
Package: atveryend-ltx 2020/08/19 v1.0a Emulation of the original atveryend pac
kage
with kernel methods
)
(/usr/local/texlive/2021/texmf-dist/tex/generic/pgf/frontendlayer/tikz/librarie
s/tikzexternalshared.code.tex)))
No auxiliary output files.

\w@pgfexternal@auxout=\write4
Package TikZ externalization: calling \geometry{driver=none} during externaliza
tion.

(/usr/local/texlive/2021/texmf-dist/tex/latex/fancyhdr/fancyhdr.sty
Package: fancyhdr 2021/01/28 v4.0.1 Extensive control of page headers and foote
rs
\f@nch@headwidth=\skip52
\f@nch@O@elh=\skip53
\f@nch@O@erh=\skip54
\f@nch@O@olh=\skip55
\f@nch@O@orh=\skip56
\f@nch@O@elf=\skip57
\f@nch@O@erf=\skip58
\f@nch@O@olf=\skip59
\f@nch@O@orf=\skip60
) (/usr/local/texlive/2021/texmf-dist/tex/latex/mathtools/mathtools.sty
Package: mathtools 2022/02/07 v1.28a mathematical typesetting tools
(/usr/local/texlive/2021/texmf-dist/tex/latex/tools/calc.sty
Package: calc 2017/05/25 v4.3 Infix arithmetic (KKT,FJ)
\calc@Acount=\count308
\calc@Bcount=\count309
\calc@Adimen=\dimen281
\calc@Bdimen=\dimen282
\calc@Askip=\skip61
\calc@Bskip=\skip62
LaTeX Info: Redefining \setlength on input line 80.
LaTeX Info: Redefining \addtolength on input line 81.
\calc@Ccount=\count310
\calc@Cskip=\skip63
) (/usr/local/texlive/2021/texmf-dist/tex/latex/mathtools/mhsetup.sty
Package: mhsetup 2021/03/18 v1.4 programming setup (MH)
)
\g_MT_multlinerow_int=\count311
\l_MT_multwidth_dim=\dimen283
\origjot=\skip64
\l_MT_shortvdotswithinadjustabove_dim=\dimen284
\l_MT_shortvdotswithinadjustbelow_dim=\dimen285
\l_MT_above_intertext_sep=\dimen286
\l_MT_below_intertext_sep=\dimen287
\l_MT_above_shortintertext_sep=\dimen288
\l_MT_below_shortintertext_sep=\dimen289
\xmathstrut@box=\box65
\xmathstrut@dim=\dimen290
) (/usr/local/texlive/2021/texmf-dist/tex/latex/ncctools/nccmath.sty
Package: nccmath 2006/01/20 v1.3 Additional Math Commands (NCC)
\NCC@fracrulewidth=\dimen291
) (/usr/local/texlive/2021/texmf-dist/tex/latex/float/float.sty
Package: float 2001/11/08 v1.3d Float enhancements (AL)
\c@float@type=\count312
\float@exts=\toks42
\float@box=\box66
\@float@everytoks=\toks43
\@floatcapt=\box67
) (/usr/local/texlive/2021/texmf-dist/tex/latex/l3backend/l3backend-pdftex.def
File: l3backend-pdftex.def 2022-02-07 L3 backend support: PDF output (pdfTeX)
\l__color_backend_stack_int=\count313
\l__pdf_internal_box=\box68
)
No file lecture1-figure1.aux.
LaTeX Font Info:    Checking defaults for OML/cmm/m/it on input line 52.
LaTeX Font Info:    ... okay on input line 52.
LaTeX Font Info:    Checking defaults for OMS/cmsy/m/n on input line 52.
LaTeX Font Info:    ... okay on input line 52.
LaTeX Font Info:    Checking defaults for OT1/cmr/m/n on input line 52.
LaTeX Font Info:    ... okay on input line 52.
LaTeX Font Info:    Checking defaults for T1/cmr/m/n on input line 52.
LaTeX Font Info:    ... okay on input line 52.
LaTeX Font Info:    Checking defaults for TS1/cmr/m/n on input line 52.
LaTeX Font Info:    ... okay on input line 52.
LaTeX Font Info:    Checking defaults for OMX/cmex/m/n on input line 52.
LaTeX Font Info:    ... okay on input line 52.
LaTeX Font Info:    Checking defaults for U/cmr/m/n on input line 52.
LaTeX Font Info:    ... okay on input line 52.
LaTeX Font Info:    Checking defaults for T2A/cmr/m/n on input line 52.
LaTeX Font Info:    ... okay on input line 52.
(/usr/local/texlive/2021/texmf-dist/tex/context/base/mkii/supp-pdf.mkii
[Loading MPS to PDF converter (version 2006.09.02).]
\scratchcounter=\count314
\scratchdimen=\dimen292
\scratchbox=\box69
\nofMPsegments=\count315
\nofMParguments=\count316
\everyMPshowfont=\toks44
\MPscratchCnt=\count317
\MPscratchDim=\dimen293
\MPnumerator=\count318
\makeMPintoPDFobject=\count319
\everyMPtoPDFconversion=\toks45
) (/usr/local/texlive/2021/texmf-dist/tex/latex/epstopdf-pkg/epstopdf-base.sty
Package: epstopdf-base 2020-01-24 v2.11 Base part for package epstopdf
Package epstopdf-base Info: Redefining graphics rule for `.eps' on input line 4
85.
(/usr/local/texlive/2021/texmf-dist/tex/latex/latexconfig/epstopdf-sys.cfg
File: epstopdf-sys.cfg 2010/07/13 v1.3 Configuration of (r)epstopdf for TeX Liv
e
))
LaTeX Info: Redefining \th on input line 52.
*geometry* detected driver: <none>
*geometry* verbose mode - [ preamble ] result:
* driver: \Gm@driver 
* paper: <default>
* layout: <same size as paper>
* layoutoffset:(h,v)=(0.0pt,0.0pt)
* modes: 
* h-part:(L,W,R)=(85.35826pt, 472.03123pt, 56.9055pt)
* v-part:(T,H,B)=(56.9055pt, 681.15898pt, 56.9055pt)
* \paperwidth=614.295pt
* \paperheight=794.96999pt
* \textwidth=472.03123pt
* \textheight=681.15898pt
* \oddsidemargin=13.08827pt
* \evensidemargin=13.08827pt
* \topmargin=-52.36449pt
* \headheight=12.0pt
* \headsep=25.0pt
* \topskip=10.0pt
* \footskip=30.0pt
* \marginparwidth=65.0pt
* \marginparsep=11.0pt
* \columnsep=10.0pt
* \skip\footins=9.0pt plus 4.0pt minus 2.0pt
* \hoffset=0.0pt
* \voffset=0.0pt
* \mag=1000
* \@twocolumnfalse
* \@twosidefalse
* \@mparswitchfalse
* \@reversemarginfalse
* (1in=72.27pt=25.4mm, 1cm=28.453pt)


Package pgfplots Warning: running in backwards compatibility mode (unsuitable t
ick labels; missing features). Consider writing \pgfplotsset{compat=1.18} into 
your preamble.
 on input line 52.

No file lecture1-figure1.toc.

LaTeX Font Warning: Font shape `T2A/cmr/m/up' undefined
(Font)              using `T2A/cmr/m/n' instead on input line 75.

LaTeX Font Info:    Trying to load font information for OML+cmr on input line 7
5.
(/usr/local/texlive/2021/texmf-dist/tex/latex/base/omlcmr.fd
File: omlcmr.fd 2019/12/16 v2.5j Standard LaTeX font definitions
)

LaTeX Font Warning: Font shape `OML/cmr/m/up' undefined
(Font)              using `OML/cmr/m/it' instead on input line 75.

LaTeX Font Info:    Font shape `OML/cmr/m/it' in size <10> not available
(Font)              Font shape `OML/cmm/m/it' tried instead on input line 75.
LaTeX Font Info:    Font shape `OML/cmr/m/up' in size <7> not available
(Font)              Font shape `OML/cmm/m/it' tried instead on input line 75.
LaTeX Font Info:    Font shape `OML/cmr/m/up' in size <5> not available
(Font)              Font shape `OML/cmm/m/it' tried instead on input line 75.
LaTeX Font Info:    Trying to load font information for OMS+cmr on input line 7
5.
(/usr/local/texlive/2021/texmf-dist/tex/latex/base/omscmr.fd
File: omscmr.fd 2019/12/16 v2.5j Standard LaTeX font definitions
)

LaTeX Font Warning: Font shape `OMS/cmr/m/up' undefined
(Font)              using `OMS/cmr/m/n' instead on input line 75.

LaTeX Font Info:    Font shape `OMS/cmr/m/n' in size <10> not available
(Font)              Font shape `OMS/cmsy/m/n' tried instead on input line 75.
LaTeX Font Info:    Font shape `OMS/cmr/m/up' in size <7> not available
(Font)              Font shape `OMS/cmsy/m/n' tried instead on input line 75.
LaTeX Font Info:    Font shape `OMS/cmr/m/up' in size <5> not available
(Font)              Font shape `OMS/cmsy/m/n' tried instead on input line 75.
A tikzpicture has been optimized away. Use '/tikz/external/optimize=false' to d
isable this.

Package mathtext Warning: letter `CYRO' used in math mode on input line 333.


Package mathtext Warning: letter `CYRU' used in math mode on input line 333.


Package mathtext Warning: letter `cyrsh' used in math mode on input line 333.


Package mathtext Warning: letter `CYRR' used in math mode on input line 336.


Package mathtext Warning: letter `cyrr' used in math mode on input line 336.


Package mathtext Warning: letter `cyru' used in math mode on input line 336.


Package mathtext Warning: letter `cyrr' used in math mode on input line 338.


Package mathtext Warning: letter `cyru' used in math mode on input line 338.


Package mathtext Warning: letter `cyrsh' used in math mode on input line 338.


Package mathtext Warning: letter `cyrsh' used in math mode on input line 338.

(./images/figure_one.pdf_tex
The command '\includegraphics [width=\unitlength ,page=1]{figure_one.pdf}' has 
been optimized away. Use '/tikz/external/optimize=false' to disable this.
The command '\includegraphics [width=\unitlength ,page=2]{figure_one.pdf}' has 
been optimized away. Use '/tikz/external/optimize=false' to disable this.
The command '\includegraphics [width=\unitlength ,page=3]{figure_one.pdf}' has 
been optimized away. Use '/tikz/external/optimize=false' to disable this.
) (./images/figure_two.pdf_tex
The command '\includegraphics [width=\unitlength ,page=1]{figure_two.pdf}' has 
been optimized away. Use '/tikz/external/optimize=false' to disable this.
The command '\includegraphics [width=\unitlength ,page=2]{figure_two.pdf}' has 
been optimized away. Use '/tikz/external/optimize=false' to disable this.
The command '\includegraphics [width=\unitlength ,page=3]{figure_two.pdf}' has 
been optimized away. Use '/tikz/external/optimize=false' to disable this.
The command '\includegraphics [width=\unitlength ,page=4]{figure_two.pdf}' has 
been optimized away. Use '/tikz/external/optimize=false' to disable this.
The command '\includegraphics [width=\unitlength ,page=5]{figure_two.pdf}' has 
been optimized away. Use '/tikz/external/optimize=false' to disable this.
The command '\includegraphics [width=\unitlength ,page=6]{figure_two.pdf}' has 
been optimized away. Use '/tikz/external/optimize=false' to disable this.
)

Package mathtext Warning: letter `CYRM' used in math mode on input line 357.


Package mathtext Warning: letter `cyrsh' used in math mode on input line 357.

(./images/figure_three.pdf_tex
The command '\includegraphics [width=\unitlength ,page=1]{figure_three.pdf}' ha
s been optimized away. Use '/tikz/external/optimize=false' to disable this.
The command '\includegraphics [width=\unitlength ,page=2]{figure_three.pdf}' ha
s been optimized away. Use '/tikz/external/optimize=false' to disable this.
The command '\includegraphics [width=\unitlength ,page=3]{figure_three.pdf}' ha
s been optimized away. Use '/tikz/external/optimize=false' to disable this.
The command '\includegraphics [width=\unitlength ,page=4]{figure_three.pdf}' ha
s been optimized away. Use '/tikz/external/optimize=false' to disable this.
The command '\includegraphics [width=\unitlength ,page=5]{figure_three.pdf}' ha
s been optimized away. Use '/tikz/external/optimize=false' to disable this.
The command '\includegraphics [width=\unitlength ,page=6]{figure_three.pdf}' ha
s been optimized away. Use '/tikz/external/optimize=false' to disable this.
The command '\includegraphics [width=\unitlength ,page=7]{figure_three.pdf}' ha
s been optimized away. Use '/tikz/external/optimize=false' to disable this.
The command '\includegraphics [width=\unitlength ,page=8]{figure_three.pdf}' ha
s been optimized away. Use '/tikz/external/optimize=false' to disable this.
) (./images/figure_four.pdf_tex
The command '\includegraphics [width=\unitlength ,page=1]{figure_four.pdf}' has
 been optimized away. Use '/tikz/external/optimize=false' to disable this.
The command '\includegraphics [width=\unitlength ,page=2]{figure_four.pdf}' has
 been optimized away. Use '/tikz/external/optimize=false' to disable this.
The command '\includegraphics [width=\unitlength ,page=3]{figure_four.pdf}' has
 been optimized away. Use '/tikz/external/optimize=false' to disable this.
The command '\includegraphics [width=\unitlength ,page=4]{figure_four.pdf}' has
 been optimized away. Use '/tikz/external/optimize=false' to disable this.
The command '\includegraphics [width=\unitlength ,page=5]{figure_four.pdf}' has
 been optimized away. Use '/tikz/external/optimize=false' to disable this.
The command '\includegraphics [width=\unitlength ,page=6]{figure_four.pdf}' has
 been optimized away. Use '/tikz/external/optimize=false' to disable this.
The command '\includegraphics [width=\unitlength ,page=7]{figure_four.pdf}' has
 been optimized away. Use '/tikz/external/optimize=false' to disable this.
The command '\includegraphics [width=\unitlength ,page=8]{figure_four.pdf}' has
 been optimized away. Use '/tikz/external/optimize=false' to disable this.
)

Package mathtext Warning: letter `CYRK' used in math mode on input line 388.


Package mathtext Warning: letter `cyrsh' used in math mode on input line 388.


Package mathtext Warning: letter `CYRN' used in math mode on input line 396.


Package mathtext Warning: letter `cyre' used in math mode on input line 396.


Package mathtext Warning: letter `cyrd' used in math mode on input line 396.


Package mathtext Warning: letter `cyrp' used in math mode on input line 396.


Package mathtext Warning: letter `cyre' used in math mode on input line 396.


Package mathtext Warning: letter `cyrr' used in math mode on input line 396.


Package mathtext Warning: letter `cyre' used in math mode on input line 396.


Package mathtext Warning: letter `cyrg' used in math mode on input line 396.


Package mathtext Warning: letter `cyrr' used in math mode on input line 396.


Package mathtext Warning: letter `cyru' used in math mode on input line 396.


Package mathtext Warning: letter `cyrz' used in math mode on input line 396.


Package mathtext Warning: letter `cyrk' used in math mode on input line 396.


Package mathtext Warning: letter `cyri' used in math mode on input line 396.


Package mathtext Warning: letter `cyrm' used in math mode on input line 396.


Package mathtext Warning: letter `cyrm' used in math mode on input line 396.


Package mathtext Warning: letter `cyre' used in math mode on input line 396.


Package mathtext Warning: letter `cyrd' used in math mode on input line 396.


Package mathtext Warning: letter `cyrp' used in math mode on input line 396.


Package mathtext Warning: letter `cyre' used in math mode on input line 396.


Package mathtext Warning: letter `cyrr' used in math mode on input line 396.


Package mathtext Warning: letter `cyre' used in math mode on input line 396.


Package mathtext Warning: letter `cyrg' used in math mode on input line 396.


Package mathtext Warning: letter `cyrr' used in math mode on input line 396.


Package mathtext Warning: letter `cyru' used in math mode on input line 396.


Package mathtext Warning: letter `cyrz' used in math mode on input line 396.


Package mathtext Warning: letter `cyrk' used in math mode on input line 396.


Package mathtext Warning: letter `cyri' used in math mode on input line 396.


Package mathtext Warning: letter `cyrm' used in math mode on input line 403.


Package mathtext Warning: letter `cyrm' used in math mode on input line 403.

(./images/lec_fig_1.pdf_tex
The command '\includegraphics [width=\unitlength ,page=1]{lec_fig_1.pdf}' has b
een optimized away. Use '/tikz/external/optimize=false' to disable this.
The command '\includegraphics [width=\unitlength ,page=2]{lec_fig_1.pdf}' has b
een optimized away. Use '/tikz/external/optimize=false' to disable this.
)

Package mathtext Warning: letter `cyrsh' used in math mode on input line 414.


Package mathtext Warning: letter `cyrsh' used in math mode on input line 417.


Package mathtext Warning: letter `cyrv' used in math mode on input line 420.


Package mathtext Warning: letter `cyrsh' used in math mode on input line 420.


Package mathtext Warning: letter `cyrv' used in math mode on input line 420.


Package mathtext Warning: letter `cyrsh' used in math mode on input line 422.

\openout4 = `lecture1-figure1.dpth'.

[10

{/usr/local/texlive/2021/texmf-var/fonts/map/pdftex/updmap/pdftex.map}]

Package mathtext Warning: letter `cyrp' used in math mode on input line 487.


Package mathtext Warning: letter `cyrr' used in math mode on input line 487.


Package mathtext Warning: letter `cyre' used in math mode on input line 487.


Package mathtext Warning: letter `cyrd' used in math mode on input line 487.


Package mathtext Warning: letter `cyrk' used in math mode on input line 487.


Package mathtext Warning: letter `cyrr' used in math mode on input line 487.


Package mathtext Warning: letter `cyri' used in math mode on input line 487.


Package mathtext Warning: letter `cyrt' used in math mode on input line 487.


Package mathtext Warning: letter `cyrk' used in math mode on input line 489.


Package mathtext Warning: letter `cyrr' used in math mode on input line 489.


Package mathtext Warning: letter `cyrk' used in math mode on input line 492.


Package mathtext Warning: letter `cyrr' used in math mode on input line 492.


Package mathtext Warning: letter `cyrd' used in math mode on input line 498.


Package mathtext Warning: letter `cyro' used in math mode on input line 498.


Package mathtext Warning: letter `cyrp' used in math mode on input line 498.


Package mathtext Warning: letter `cyrb' used in math mode on input line 498.


Package mathtext Warning: letter `cyra' used in math mode on input line 498.


Package mathtext Warning: letter `cyrl' used in math mode on input line 498.

A tikzpicture has been optimized away. Use '/tikz/external/optimize=false' to d
isable this.

Package mathtext Warning: letter `cyrl' used in math mode on input line 573.


Package mathtext Warning: letter `cyrl' used in math mode on input line 573.


Package mathtext Warning: letter `cyrl' used in math mode on input line 573.


Package mathtext Warning: letter `cyrl' used in math mode on input line 576.


Package mathtext Warning: letter `cyrn' used in math mode on input line 576.


Package mathtext Warning: letter `cyrm' used in math mode on input line 576.


Package mathtext Warning: letter `cyrl' used in math mode on input line 579.


Package mathtext Warning: letter `cyrl' used in math mode on input line 579.


LaTeX Warning: Reference `W:1' on page 11 undefined on input line 581.


LaTeX Warning: Reference `W:2' on page 11 undefined on input line 582.


Package mathtext Warning: letter `cyrn' used in math mode on input line 582.


Package mathtext Warning: letter `cyrm' used in math mode on input line 582.


LaTeX Warning: Reference `W:3' on page 11 undefined on input line 583.


Package mathtext Warning: letter `cyrs' used in math mode on input line 583.


Package mathtext Warning: letter `CYRK' used in math mode on input line 585.


Package mathtext Warning: letter `cyrl' used in math mode on input line 585.


Package mathtext Warning: letter `CYRT' used in math mode on input line 585.


Package mathtext Warning: letter `cyrd' used in math mode on input line 693.


Package mathtext Warning: letter `cyrv' used in math mode on input line 693.


Package mathtext Warning: letter `cyrd' used in math mode on input line 697.


Package mathtext Warning: letter `cyrv' used in math mode on input line 697.


Package mathtext Warning: letter `cyrd' used in math mode on input line 708.


Package mathtext Warning: letter `cyrv' used in math mode on input line 708.


Package mathtext Warning: letter `cyrd' used in math mode on input line 708.


Package mathtext Warning: letter `cyrv' used in math mode on input line 708.


LaTeX Warning: Reference `eqn:prodol' on page 14 undefined on input line 710.


Package mathtext Warning: letter `cyrd' used in math mode on input line 717.


Package mathtext Warning: letter `cyrv' used in math mode on input line 717.


Package mathtext Warning: letter `cyrd' used in math mode on input line 717.


Package mathtext Warning: letter `cyrv' used in math mode on input line 717.


LaTeX Warning: Reference `eqn:per_alpha' on page 15 undefined on input line 780
.


LaTeX Warning: Reference `eqn:per_omega' on page 15 undefined on input line 780
.


LaTeX Warning: Reference `eqn:prodol' on page 16 undefined on input line 797.

LaTeX Font Info:    Font shape `OML/cmr/m/up' in size <8> not available
(Font)              Font shape `OML/cmm/m/it' tried instead on input line 836.
LaTeX Font Info:    Font shape `OML/cmr/m/up' in size <6> not available
(Font)              Font shape `OML/cmm/m/it' tried instead on input line 836.
LaTeX Font Info:    Font shape `OMS/cmr/m/up' in size <8> not available
(Font)              Font shape `OMS/cmsy/m/n' tried instead on input line 836.
LaTeX Font Info:    Font shape `OMS/cmr/m/up' in size <6> not available
(Font)              Font shape `OMS/cmsy/m/n' tried instead on input line 836.
LaTeX Font Info:    Font shape `OML/cmr/m/up' in size <10> not available
(Font)              Font shape `OML/cmm/m/it' tried instead on input line 836.
LaTeX Font Info:    Font shape `OMS/cmr/m/up' in size <10> not available
(Font)              Font shape `OMS/cmsy/m/n' tried instead on input line 836.

Package mathtext Warning: letter `cyrk' used in math mode on input line 843.


Package mathtext Warning: letter `cyrk' used in math mode on input line 852.


Package mathtext Warning: letter `cyrk' used in math mode on input line 870.


Package mathtext Warning: letter `cyrk' used in math mode on input line 873.


Package mathtext Warning: letter `cyrd' used in math mode on input line 873.


Package mathtext Warning: letter `cyrv' used in math mode on input line 873.


Package mathtext Warning: letter `cyrk' used in math mode on input line 879.


Package mathtext Warning: letter `cyrd' used in math mode on input line 879.


Package mathtext Warning: letter `cyrv' used in math mode on input line 879.


Underfull \hbox (badness 10000) in paragraph at lines 882--885

 []


Package mathtext Warning: letter `cyrs' used in math mode on input line 886.


Underfull \hbox (badness 10000) in paragraph at lines 890--892

 []


Underfull \hbox (badness 10000) in paragraph at lines 894--896

 []


Underfull \hbox (badness 10000) in paragraph at lines 901--903

 []

(./images/fig_5.pdf_tex
The command '\includegraphics [width=\unitlength ,page=1]{fig_5.pdf}' has been 
optimized away. Use '/tikz/external/optimize=false' to disable this.
The command '\includegraphics [width=\unitlength ,page=2]{fig_5.pdf}' has been 
optimized away. Use '/tikz/external/optimize=false' to disable this.
The command '\includegraphics [width=\unitlength ,page=3]{fig_5.pdf}' has been 
optimized away. Use '/tikz/external/optimize=false' to disable this.
)
Overfull \hbox (29.22401pt too wide) in paragraph at lines 78--910
[][] 
 []


Package mathtext Warning: letter `cyrn' used in math mode on input line 917.


Package mathtext Warning: letter `cyrn' used in math mode on input line 917.


Package mathtext Warning: letter `cyrerev' used in math mode on input line 917.



Package mathtext Warning: letter `cyrerev' used in math mode on input line 917.



Package mathtext Warning: letter `cyrn' used in math mode on input line 918.


Package mathtext Warning: letter `cyrn' used in math mode on input line 918.


Package mathtext Warning: letter `cyrerev' used in math mode on input line 918.



Package mathtext Warning: letter `cyrerev' used in math mode on input line 918.



Underfull \hbox (badness 10000) in paragraph at lines 921--925

 []


Package mathtext Warning: letter `CYRN' used in math mode on input line 931.


Package mathtext Warning: letter `cyrn' used in math mode on input line 931.


Package mathtext Warning: letter `cyrb' used in math mode on input line 931.


Package mathtext Warning: letter `cyrb' used in math mode on input line 931.


Package mathtext Warning: letter `cyrn' used in math mode on input line 934.


Package mathtext Warning: letter `cyrn' used in math mode on input line 934.


Package mathtext Warning: letter `cyrb' used in math mode on input line 934.


Package mathtext Warning: letter `cyrb' used in math mode on input line 934.


Package mathtext Warning: letter `cyrb' used in math mode on input line 936.


Package mathtext Warning: letter `cyrb' used in math mode on input line 936.


Package mathtext Warning: letter `cyrerev' used in math mode on input line 939.



Package mathtext Warning: letter `cyrerev' used in math mode on input line 939.



Package mathtext Warning: letter `cyrerev' used in math mode on input line 942.



Package mathtext Warning: letter `cyrerev' used in math mode on input line 942.



Package mathtext Warning: letter `cyrg' used in math mode on input line 977.


Package mathtext Warning: letter `cyrp' used in math mode on input line 977.


Package mathtext Warning: letter `cyrg' used in math mode on input line 983.


Package mathtext Warning: letter `cyrp' used in math mode on input line 983.


Package mathtext Warning: letter `cyrg' used in math mode on input line 983.


Package mathtext Warning: letter `cyrp' used in math mode on input line 983.


Package mathtext Warning: letter `cyrg' used in math mode on input line 987.


Package mathtext Warning: letter `cyrp' used in math mode on input line 987.


Package mathtext Warning: letter `cyrg' used in math mode on input line 991.


Package mathtext Warning: letter `cyrp' used in math mode on input line 991.

(./images/fig_6.pdf_tex
The command '\includegraphics [width=\unitlength ,page=1]{fig_6.pdf}' has been 
optimized away. Use '/tikz/external/optimize=false' to disable this.

Package mathtext Warning: letter `cyrg' used in math mode on input line 67.


Package mathtext Warning: letter `cyrp' used in math mode on input line 67.


Package mathtext Warning: letter `cyrerev' used in math mode on input line 70.


Package mathtext Warning: letter `cyrerev' used in math mode on input line 71.

) (./images/fig_7.pdf_tex
The command '\includegraphics [width=\unitlength ,page=1]{fig_7.pdf}' has been 
optimized away. Use '/tikz/external/optimize=false' to disable this.

Package mathtext Warning: letter `cyrn' used in math mode on input line 68.


Package mathtext Warning: letter `cyrb' used in math mode on input line 68.


Package mathtext Warning: letter `cyrb' used in math mode on input line 68.


Package mathtext Warning: letter `cyrn' used in math mode on input line 69.

)
Overfull \hbox (58.0103pt too wide) in paragraph at lines 70--1004
[][] 
 []


LaTeX Warning: `h' float specifier changed to `ht'.


Package mathtext Warning: letter `cyrp' used in math mode on input line 1011.


Package mathtext Warning: letter `cyrr' used in math mode on input line 1011.


Package mathtext Warning: letter `cyrp' used in math mode on input line 1011.


Package mathtext Warning: letter `cyrr' used in math mode on input line 1011.


Package mathtext Warning: letter `cyrp' used in math mode on input line 1011.


Package mathtext Warning: letter `cyrr' used in math mode on input line 1011.


Package mathtext Warning: letter `cyrp' used in math mode on input line 1013.


Package mathtext Warning: letter `cyrr' used in math mode on input line 1013.


Package mathtext Warning: letter `cyrp' used in math mode on input line 1013.


Package mathtext Warning: letter `cyrr' used in math mode on input line 1013.


Package mathtext Warning: letter `cyrs' used in math mode on input line 1017.


Package mathtext Warning: letter `cyrs' used in math mode on input line 1021.


Package mathtext Warning: letter `cyrsh' used in math mode on input line 1027.


Package mathtext Warning: letter `cyrb' used in math mode on input line 1030.


Package mathtext Warning: letter `cyra' used in math mode on input line 1030.


Package mathtext Warning: letter `cyrl' used in math mode on input line 1030.


LaTeX Warning: Reference `eq:stab' on page 20 undefined on input line 1031.


Package mathtext Warning: letter `cyrb' used in math mode on input line 1032.


Package mathtext Warning: letter `cyra' used in math mode on input line 1032.


Package mathtext Warning: letter `cyrl' used in math mode on input line 1032.


Package mathtext Warning: letter `cyrsh' used in math mode on input line 1032.


Package mathtext Warning: letter `cyrb' used in math mode on input line 1032.


Package mathtext Warning: letter `cyra' used in math mode on input line 1032.


Package mathtext Warning: letter `cyrl' used in math mode on input line 1032.


Package mathtext Warning: letter `cyrb' used in math mode on input line 1033.


Package mathtext Warning: letter `cyra' used in math mode on input line 1033.


Package mathtext Warning: letter `cyrl' used in math mode on input line 1033.


Package mathtext Warning: letter `cyrb' used in math mode on input line 1033.


Package mathtext Warning: letter `cyra' used in math mode on input line 1033.


Package mathtext Warning: letter `cyrl' used in math mode on input line 1033.

(./images/fig_8.pdf_tex

Package mathtext Warning: letter `cyrsh' used in math mode on input line 57.


Package mathtext Warning: letter `cyrb' used in math mode on input line 60.


Package mathtext Warning: letter `cyra' used in math mode on input line 60.


Package mathtext Warning: letter `cyrl' used in math mode on input line 60.

The command '\includegraphics [width=\unitlength ,page=1]{fig_8.pdf}' has been 
optimized away. Use '/tikz/external/optimize=false' to disable this.
The command '\includegraphics [width=\unitlength ,page=2]{fig_8.pdf}' has been 
optimized away. Use '/tikz/external/optimize=false' to disable this.
The command '\includegraphics [width=\unitlength ,page=3]{fig_8.pdf}' has been 
optimized away. Use '/tikz/external/optimize=false' to disable this.

Package mathtext Warning: letter `cyrl' used in math mode on input line 69.


Package mathtext Warning: letter `cyrb' used in math mode on input line 70.


Package mathtext Warning: letter `cyra' used in math mode on input line 70.


Package mathtext Warning: letter `cyrl' used in math mode on input line 70.

The command '\includegraphics [width=\unitlength ,page=4]{fig_8.pdf}' has been 
optimized away. Use '/tikz/external/optimize=false' to disable this.
)
Underfull \hbox (badness 10000) in paragraph at lines 1037--1045

 []

(./images/fig_9.pdf_tex
The command '\includegraphics [width=\unitlength ,page=1]{fig_9.pdf}' has been 
optimized away. Use '/tikz/external/optimize=false' to disable this.

Package mathtext Warning: letter `cyrp' used in math mode on input line 67.


Package mathtext Warning: letter `cyrr' used in math mode on input line 67.

The command '\includegraphics [width=\unitlength ,page=2]{fig_9.pdf}' has been 
optimized away. Use '/tikz/external/optimize=false' to disable this.

Package mathtext Warning: letter `cyrsh' used in math mode on input line 69.


Package mathtext Warning: letter `cyrsh' used in math mode on input line 69.

The command '\includegraphics [width=\unitlength ,page=3]{fig_9.pdf}' has been 
optimized away. Use '/tikz/external/optimize=false' to disable this.

Package mathtext Warning: letter `cyro' used in math mode on input line 72.


Package mathtext Warning: letter `cyrs' used in math mode on input line 72.

)
Overfull \hbox (40.37215pt too wide) in paragraph at lines 73--1050
[][] 
 []


Package mathtext Warning: letter `cyro' used in math mode on input line 1055.


Package mathtext Warning: letter `cyrs' used in math mode on input line 1055.


Package mathtext Warning: letter `cyrk' used in math mode on input line 1056.


Package mathtext Warning: letter `cyro' used in math mode on input line 1056.


Package mathtext Warning: letter `cyrl' used in math mode on input line 1056.


Package mathtext Warning: letter `cyre' used in math mode on input line 1056.


Package mathtext Warning: letter `cyrb' used in math mode on input line 1056.


Package mathtext Warning: letter `cyrp' used in math mode on input line 1062.


Package mathtext Warning: letter `cyrr' used in math mode on input line 1062.


Package mathtext Warning: letter `cyrp' used in math mode on input line 1062.


Package mathtext Warning: letter `cyrr' used in math mode on input line 1062.


Package mathtext Warning: letter `cyrp' used in math mode on input line 1062.


Package mathtext Warning: letter `cyrr' used in math mode on input line 1062.

(./images/fig_10.pdf_tex
The command '\includegraphics [width=\unitlength ,page=1]{fig_10.pdf}' has been
 optimized away. Use '/tikz/external/optimize=false' to disable this.
The command '\includegraphics [width=\unitlength ,page=2]{fig_10.pdf}' has been
 optimized away. Use '/tikz/external/optimize=false' to disable this.
The command '\includegraphics [width=\unitlength ,page=3]{fig_10.pdf}' has been
 optimized away. Use '/tikz/external/optimize=false' to disable this.
)
Underfull \hbox (badness 10000) in paragraph at lines 1063--1068

 []


Package mathtext Warning: letter `cyrp' used in math mode on input line 1071.


Package mathtext Warning: letter `cyrr' used in math mode on input line 1071.

(./images/fig_11.pdf_tex
The command '\includegraphics [width=\unitlength ,page=1]{fig_11.pdf}' has been
 optimized away. Use '/tikz/external/optimize=false' to disable this.
The command '\includegraphics [width=\unitlength ,page=2]{fig_11.pdf}' has been
 optimized away. Use '/tikz/external/optimize=false' to disable this.
The command '\includegraphics [width=\unitlength ,page=3]{fig_11.pdf}' has been
 optimized away. Use '/tikz/external/optimize=false' to disable this.

Package mathtext Warning: letter `cyrs' used in math mode on input line 63.


Package mathtext Warning: letter `cyrp' used in math mode on input line 64.


Package mathtext Warning: letter `cyrr' used in math mode on input line 64.

The command '\includegraphics [width=\unitlength ,page=4]{fig_11.pdf}' has been
 optimized away. Use '/tikz/external/optimize=false' to disable this.
)

Package mathtext Warning: letter `cyrs' used in math mode on input line 1079.


Package mathtext Warning: letter `cyrp' used in math mode on input line 1079.


Package mathtext Warning: letter `cyrr' used in math mode on input line 1079.


Package mathtext Warning: letter `cyrg' used in math mode on input line 1080.


Package mathtext Warning: letter `cyrr' used in math mode on input line 1080.


Package mathtext Warning: letter `cyrp' used in math mode on input line 1080.


Package mathtext Warning: letter `cyrr' used in math mode on input line 1080.


Package mathtext Warning: letter `cyrd' used in math mode on input line 1082.


Package mathtext Warning: letter `CYRB' used in math mode on input line 1082.


Package mathtext Warning: letter `cyrg' used in math mode on input line 1082.


Package mathtext Warning: letter `cyrr' used in math mode on input line 1082.


Package mathtext Warning: letter `cyrp' used in math mode on input line 1083.


Package mathtext Warning: letter `cyrr' used in math mode on input line 1083.


Package mathtext Warning: letter `cyrp' used in math mode on input line 1086.


Package mathtext Warning: letter `cyrr' used in math mode on input line 1086.


Package mathtext Warning: letter `cyrg' used in math mode on input line 1087.


Package mathtext Warning: letter `cyrr' used in math mode on input line 1087.

LaTeX Font Info:    Font shape `OML/cmr/m/up' in size <12> not available
(Font)              Font shape `OML/cmm/m/it' tried instead on input line 1090.

LaTeX Font Info:    Font shape `OMS/cmr/m/up' in size <12> not available
(Font)              Font shape `OMS/cmsy/m/n' tried instead on input line 1090.


Package mathtext Warning: letter `cyrsh' used in math mode on input line 1093.


Package mathtext Warning: letter `cyrsh' used in math mode on input line 1093.


Package mathtext Warning: letter `cyru' used in math mode on input line 1098.


Package mathtext Warning: letter `cyrs' used in math mode on input line 1098.


Package mathtext Warning: letter `cyrt' used in math mode on input line 1098.


Package mathtext Warning: letter `cyru' used in math mode on input line 1101.


Package mathtext Warning: letter `cyrs' used in math mode on input line 1101.


Package mathtext Warning: letter `cyrt' used in math mode on input line 1101.


Package mathtext Warning: letter `cyrsh' used in math mode on input line 1104.


Package mathtext Warning: letter `cyrs' used in math mode on input line 1104.


Package mathtext Warning: letter `cyrr' used in math mode on input line 1104.


Package mathtext Warning: letter `cyrs' used in math mode on input line 1104.


Package mathtext Warning: letter `cyrr' used in math mode on input line 1104.


Package mathtext Warning: letter `cyrs' used in math mode on input line 1104.


Package mathtext Warning: letter `cyrr' used in math mode on input line 1104.


Package mathtext Warning: letter `cyrsh' used in math mode on input line 1104.


Package mathtext Warning: letter `cyrsh' used in math mode on input line 1106.


Package mathtext Warning: letter `cyrs' used in math mode on input line 1106.


Package mathtext Warning: letter `cyrr' used in math mode on input line 1106.


Package mathtext Warning: letter `cyrs' used in math mode on input line 1111.


Package mathtext Warning: letter `cyrr' used in math mode on input line 1111.


Package mathtext Warning: letter `cyrs' used in math mode on input line 1111.


Package mathtext Warning: letter `cyrr' used in math mode on input line 1111.


Package mathtext Warning: letter `cyrg' used in math mode on input line 1111.


Package mathtext Warning: letter `cyrr' used in math mode on input line 1111.


Underfull \hbox (badness 10000) in paragraph at lines 1110--1112

 []


Package mathtext Warning: letter `cyrg' used in math mode on input line 1113.


Package mathtext Warning: letter `cyrr' used in math mode on input line 1113.


Package mathtext Warning: letter `cyrs' used in math mode on input line 1116.


Package mathtext Warning: letter `cyrr' used in math mode on input line 1116.


Package mathtext Warning: letter `cyrsh' used in math mode on input line 1119.


Package mathtext Warning: letter `cyrsh' used in math mode on input line 1123.


Package mathtext Warning: letter `cyrsh' used in math mode on input line 1125.


Package mathtext Warning: letter `cyrg' used in math mode on input line 1133.


Package mathtext Warning: letter `cyrr' used in math mode on input line 1133.


Package mathtext Warning: letter `cyrsh' used in math mode on input line 1136.


Package mathtext Warning: letter `cyrb' used in math mode on input line 1141.


Package mathtext Warning: letter `cyra' used in math mode on input line 1141.


Package mathtext Warning: letter `cyrl' used in math mode on input line 1141.


Package mathtext Warning: letter `cyrsh' used in math mode on input line 1146.


Package mathtext Warning: letter `cyrsh' used in math mode on input line 1153.


Package mathtext Warning: letter `CYRG' used in math mode on input line 1161.


Package mathtext Warning: letter `CYRP' used in math mode on input line 1161.

(./images/fig_12.pdf_tex

Package mathtext Warning: letter `cyrsh' used in math mode on input line 57.

The command '\includegraphics [width=\unitlength ,page=1]{fig_12.pdf}' has been
 optimized away. Use '/tikz/external/optimize=false' to disable this.
The command '\includegraphics [width=\unitlength ,page=2]{fig_12.pdf}' has been
 optimized away. Use '/tikz/external/optimize=false' to disable this.

Package mathtext Warning: letter `cyrl' used in math mode on input line 65.


Package mathtext Warning: letter `CYRA' used in math mode on input line 66.

) (./images/fig_13.pdf_tex
The command '\includegraphics [width=\unitlength ,page=1]{fig_13.pdf}' has been
 optimized away. Use '/tikz/external/optimize=false' to disable this.
The command '\includegraphics [width=\unitlength ,page=2]{fig_13.pdf}' has been
 optimized away. Use '/tikz/external/optimize=false' to disable this.

Package mathtext Warning: letter `cyro' used in math mode on input line 59.


Package mathtext Warning: letter `cyrs' used in math mode on input line 59.

The command '\includegraphics [width=\unitlength ,page=3]{fig_13.pdf}' has been
 optimized away. Use '/tikz/external/optimize=false' to disable this.

Package mathtext Warning: letter `cyrsh' used in math mode on input line 61.

The command '\includegraphics [width=\unitlength ,page=4]{fig_13.pdf}' has been
 optimized away. Use '/tikz/external/optimize=false' to disable this.
)
Overfull \hbox (25.98227pt too wide) in paragraph at lines 76--1177
 [][] 
 []


Package mathtext Warning: letter `cyro' used in math mode on input line 1185.


Package mathtext Warning: letter `cyrs' used in math mode on input line 1185.


Package mathtext Warning: letter `cyrr' used in math mode on input line 1189.


Package mathtext Warning: letter `cyra' used in math mode on input line 1189.


Package mathtext Warning: letter `cyrz' used in math mode on input line 1189.


Package mathtext Warning: letter `cyrp' used in math mode on input line 1189.


Package mathtext Warning: letter `cyrr' used in math mode on input line 1189.


Package mathtext Warning: letter `cyrp' used in math mode on input line 1189.


Package mathtext Warning: letter `cyrr' used in math mode on input line 1189.


Package mathtext Warning: letter `cyrp' used in math mode on input line 1189.


Package mathtext Warning: letter `cyrr' used in math mode on input line 1189.


Package mathtext Warning: letter `cyrp' used in math mode on input line 1191.


Package mathtext Warning: letter `cyrr' used in math mode on input line 1191.

(./images/fig_14.pdf_tex
The command '\includegraphics [width=\unitlength ,page=1]{fig_14.pdf}' has been
 optimized away. Use '/tikz/external/optimize=false' to disable this.
The command '\includegraphics [width=\unitlength ,page=2]{fig_14.pdf}' has been
 optimized away. Use '/tikz/external/optimize=false' to disable this.

Package mathtext Warning: letter `cyrg' used in math mode on input line 60.


Package mathtext Warning: letter `cyrr' used in math mode on input line 60.

The command '\includegraphics [width=\unitlength ,page=3]{fig_14.pdf}' has been
 optimized away. Use '/tikz/external/optimize=false' to disable this.
) (./images/fig_15.pdf_tex
The command '\includegraphics [width=\unitlength ,page=1]{fig_15.pdf}' has been
 optimized away. Use '/tikz/external/optimize=false' to disable this.
The command '\includegraphics [width=\unitlength ,page=2]{fig_15.pdf}' has been
 optimized away. Use '/tikz/external/optimize=false' to disable this.
The command '\includegraphics [width=\unitlength ,page=3]{fig_15.pdf}' has been
 optimized away. Use '/tikz/external/optimize=false' to disable this.

Package mathtext Warning: letter `cyrs' used in math mode on input line 63.


Package mathtext Warning: letter `cyrr' used in math mode on input line 63.


Package mathtext Warning: letter `cyrp' used in math mode on input line 64.


Package mathtext Warning: letter `cyrr' used in math mode on input line 64.

The command '\includegraphics [width=\unitlength ,page=4]{fig_15.pdf}' has been
 optimized away. Use '/tikz/external/optimize=false' to disable this.
)

Package mathtext Warning: letter `cyrp' used in math mode on input line 1201.


Package mathtext Warning: letter `cyrr' used in math mode on input line 1201.


Package mathtext Warning: letter `cyrs' used in math mode on input line 1203.


Package mathtext Warning: letter `cyrr' used in math mode on input line 1203.


Package mathtext Warning: letter `cyrg' used in math mode on input line 1206.


Package mathtext Warning: letter `cyrr' used in math mode on input line 1206.


Package mathtext Warning: letter `cyrp' used in math mode on input line 1206.


Package mathtext Warning: letter `cyrr' used in math mode on input line 1206.


Package mathtext Warning: letter `cyrd' used in math mode on input line 1208.


Package mathtext Warning: letter `cyrb' used in math mode on input line 1208.


Package mathtext Warning: letter `cyrd' used in math mode on input line 1208.


Package mathtext Warning: letter `cyre' used in math mode on input line 1208.


Package mathtext Warning: letter `cyrk' used in math mode on input line 1208.


Package mathtext Warning: letter `cyrd' used in math mode on input line 1208.


Package mathtext Warning: letter `cyre' used in math mode on input line 1208.


Package mathtext Warning: letter `cyrk' used in math mode on input line 1208.


Package mathtext Warning: letter `cyrg' used in math mode on input line 1212.


Package mathtext Warning: letter `cyrr' used in math mode on input line 1212.


Package mathtext Warning: letter `cyrg' used in math mode on input line 1216.


Package mathtext Warning: letter `cyrr' used in math mode on input line 1216.


Package mathtext Warning: letter `cyrp' used in math mode on input line 1217.


Package mathtext Warning: letter `cyrr' used in math mode on input line 1217.


Package mathtext Warning: letter `cyrs' used in math mode on input line 1225.


Package mathtext Warning: letter `cyrr' used in math mode on input line 1225.


LaTeX Font Warning: Some font shapes were not available, defaults substituted.


LaTeX Warning: There were undefined references.

 ) 
Here is how much of TeX's memory you used:
 28292 strings out of 479671
 710998 string characters out of 5885654
 1115582 words of memory out of 5000000
 45710 multiletter control sequences out of 15000+600000
 485776 words of font info for 62 fonts, out of 8000000 for 9000
 452 hyphenation exceptions out of 8191
 88i,19n,83p,2361b,836s stack positions out of 5000i,500n,10000p,200000b,80000s
 </home/lalapopa/.texlive2021/texmf-var/fonts/pk/ljfour/lh/lh-t2a/larm1000.60
0pk>
Output written on lecture1-figure1.pdf (1 page, 9536 bytes).
PDF statistics:
 42 PDF objects out of 1000 (max. 8388607)
 11 compressed objects within 1 object stream
 0 named destinations out of 1000 (max. 500000)
 13 words of extra memory for PDF output out of 10000 (max. 10000000)

